<?xml version="1.0" encoding="UTF-8"?>
<!-- Generated by org.testng.reporters.JUnitReportReporter -->
<testsuite hostname="DESKTOP-VFOEG3B" failures="0" tests="4" name="com.saucedemo.saucedmo.LoginTest" time="39.687" errors="0" timestamp="2024-11-28T20:34:44 IST" skipped="0">
  <testcase classname="com.saucedemo.saucedmo.LoginTest" name="loginLogoutTest" time="10.671"/>
  <testcase classname="com.saucedemo.saucedmo.LoginTest" name="loginLogoutTest" time="9.368"/>
  <testcase classname="com.saucedemo.saucedmo.LoginTest" name="loginLogoutTest" time="9.758"/>
  <testcase classname="com.saucedemo.saucedmo.LoginTest" name="loginLogoutTest" time="9.890"/>
</testsuite> <!-- com.saucedemo.saucedmo.LoginTest -->
